<?xml version="1.0" encoding="UTF-8"?>
<!-- Generated by org.testng.reporters.JUnitReportReporter -->
<testsuite hostname="Pratik" failures="0" tests="4" name="com.tetsNG.code.Only_TestCases_ExecutionPreferrance" time="0.017" errors="0" timestamp="2022-08-01T17:04:23 IST" skipped="1">
  <testcase classname="com.tetsNG.code.Only_TestCases_ExecutionPreferrance" name="AA" time="0.013"/>
  <system-out/>
  <testcase classname="com.tetsNG.code.Only_TestCases_ExecutionPreferrance" name="BB" time="0.002"/>
  <system-out/>
  <testcase classname="com.tetsNG.code.Only_TestCases_ExecutionPreferrance" name="CC" time="0.002"/>
  <system-out/>
  <testcase classname="com.tetsNG.code.Only_TestCases_ExecutionPreferrance" name="DD">
    <skipped/>
  </testcase> <!-- DD -->
  <system-out/>
</testsuite> <!-- com.tetsNG.code.Only_TestCases_ExecutionPreferrance -->
