<?xml version="1.0" encoding="UTF-8"?>
<!-- Generated by org.testng.reporters.JUnitReportReporter -->
<testsuite hostname="Pratik" failures="0" tests="1" name="com.tetsNG.code.Sequenceof_TestNG_Annotations" time="0.011" errors="0" timestamp="2022-08-01T16:00:00 IST" skipped="0">
  <testcase classname="com.tetsNG.code.Sequenceof_TestNG_Annotations" name="checktest" time="0.011"/>
  <system-out/>
</testsuite> <!-- com.tetsNG.code.Sequenceof_TestNG_Annotations -->
