<?xml version="1.0" encoding="UTF-8"?>
<!-- Generated by org.testng.reporters.JUnitReportReporter -->
<testsuite hostname="Pratik" failures="0" tests="1" name="com.tetsNG.code.Catch_Implementing_TestNg_Annotations" time="0.006" errors="0" timestamp="2022-08-01T16:02:25 IST" skipped="0">
  <testcase classname="com.tetsNG.code.Catch_Implementing_TestNg_Annotations" name="checktest" time="0.006"/>
  <system-out/>
</testsuite> <!-- com.tetsNG.code.Catch_Implementing_TestNg_Annotations -->
