<?xml version="1.0" encoding="UTF-8"?>
<!-- Generated by org.testng.reporters.JUnitReportReporter -->
<testsuite hostname="Pratik" failures="0" tests="1" name="com.tetsNG.code.Rediff_TestNG_Annotations" time="7.429" errors="0" timestamp="2022-08-02T16:54:58 IST" skipped="0">
  <testcase classname="com.tetsNG.code.Rediff_TestNG_Annotations" name="LoginCredentials" time="7.429"/>
  <system-out/>
</testsuite> <!-- com.tetsNG.code.Rediff_TestNG_Annotations -->
