<?xml version="1.0" encoding="UTF-8"?>
<!-- Generated by org.testng.reporters.JUnitReportReporter -->
<testsuite hostname="Pratik" failures="0" tests="1" name="com.tetsNG.code.Rediff_TestNG" time="30.310" errors="0" timestamp="2022-08-01T13:02:36 IST" skipped="0">
  <testcase classname="com.tetsNG.code.Rediff_TestNG" name="loginCheck" time="30.310"/>
  <system-out/>
</testsuite> <!-- com.tetsNG.code.Rediff_TestNG -->
