<?xml version="1.0" encoding="UTF-8"?>
<!-- Generated by org.testng.reporters.JUnitReportReporter -->
<testsuite hostname="Pratik" failures="0" tests="3" name="com.tetsNG.code.Tri_Combo_TestNG" time="0.023" errors="0" timestamp="2022-08-01T16:12:09 IST" skipped="0">
  <testcase classname="com.tetsNG.code.Tri_Combo_TestNG" name="testcase2" time="0.007"/>
  <system-out/>
  <testcase classname="com.tetsNG.code.Tri_Combo_TestNG" name="testcase3" time="0.003"/>
  <system-out/>
  <testcase classname="com.tetsNG.code.Tri_Combo_TestNG" name="testcase1" time="0.013"/>
  <system-out/>
</testsuite> <!-- com.tetsNG.code.Tri_Combo_TestNG -->
