<?xml version="1.0" encoding="UTF-8"?>
<!-- Generated by org.testng.reporters.JUnitReportReporter -->
<testsuite hostname="Pratik" failures="0" tests="5" name="com.tetsNG.code.Ruff_Work" time="0.022" errors="0" timestamp="2022-08-02T11:51:10 IST" skipped="1">
  <testcase classname="com.tetsNG.code.Ruff_Work" name="Test5" time="0.014"/>
  <system-out/>
  <testcase classname="com.tetsNG.code.Ruff_Work" name="Test4" time="0.002"/>
  <system-out/>
  <testcase classname="com.tetsNG.code.Ruff_Work" name="Test3" time="0.003"/>
  <system-out/>
  <testcase classname="com.tetsNG.code.Ruff_Work" name="Test2" time="0.003"/>
  <system-out/>
  <testcase classname="com.tetsNG.code.Ruff_Work" name="Test1">
    <skipped/>
  </testcase> <!-- Test1 -->
  <system-out/>
</testsuite> <!-- com.tetsNG.code.Ruff_Work -->
